0 info it worked if it ends with ok
1 verbose cli [ '/usr/local/bin/node',
1 verbose cli   '/usr/local/bin/npm',
1 verbose cli   'install',
1 verbose cli   'ide-helper' ]
2 info using npm@2.14.4
3 info using node@v4.1.1
4 verbose install initial load of /home/sylver/Code/Laravels/MenuWithAuthentication/package.json
5 verbose installManyTop reading scoped package data from /home/sylver/Code/Laravels/MenuWithAuthentication/node_modules/bootstrap-sass/package.json
6 verbose installManyTop reading scoped package data from /home/sylver/Code/Laravels/MenuWithAuthentication/node_modules/browserify/package.json
7 verbose installManyTop reading scoped package data from /home/sylver/Code/Laravels/MenuWithAuthentication/node_modules/gulp/package.json
8 verbose installManyTop reading scoped package data from /home/sylver/Code/Laravels/MenuWithAuthentication/node_modules/laravel-elixir/package.json
9 info package.json laravel-elixir@4.1.0 No README data
10 verbose readDependencies loading dependencies from /home/sylver/Code/Laravels/MenuWithAuthentication/package.json
11 silly cache add args [ 'ide-helper', null ]
12 verbose cache add spec ide-helper
13 silly cache add parsed spec Result {
13 silly cache add   raw: 'ide-helper',
13 silly cache add   scope: null,
13 silly cache add   name: 'ide-helper',
13 silly cache add   rawSpec: '',
13 silly cache add   spec: '*',
13 silly cache add   type: 'range' }
14 silly addNamed ide-helper@*
15 verbose addNamed "*" is a valid semver range for ide-helper
16 silly addNameRange { name: 'ide-helper', range: '*', hasData: false }
17 silly mapToRegistry name ide-helper
18 silly mapToRegistry using default registry
19 silly mapToRegistry registry https://registry.npmjs.org/
20 silly mapToRegistry uri https://registry.npmjs.org/ide-helper
21 verbose addNameRange registry:https://registry.npmjs.org/ide-helper not in flight; fetching
22 verbose request uri https://registry.npmjs.org/ide-helper
23 verbose request no auth needed
24 info attempt registry request try #1 at 20:26:45
25 verbose request using bearer token for auth
26 verbose request id edef2cc272a8acba
27 http request GET https://registry.npmjs.org/ide-helper
28 http 404 https://registry.npmjs.org/ide-helper
29 verbose headers { 'content-type': 'application/json',
29 verbose headers   'cache-control': 'max-age=0',
29 verbose headers   'content-length': '2',
29 verbose headers   'accept-ranges': 'bytes',
29 verbose headers   date: 'Mon, 14 Dec 2015 19:26:47 GMT',
29 verbose headers   via: '1.1 varnish',
29 verbose headers   connection: 'keep-alive',
29 verbose headers   'x-served-by': 'cache-ams4134-AMS',
29 verbose headers   'x-cache': 'MISS',
29 verbose headers   'x-cache-hits': '0',
29 verbose headers   'x-timer': 'S1450121207.053386,VS0,VE763' }
30 silly get cb [ 404,
30 silly get   { 'content-type': 'application/json',
30 silly get     'cache-control': 'max-age=0',
30 silly get     'content-length': '2',
30 silly get     'accept-ranges': 'bytes',
30 silly get     date: 'Mon, 14 Dec 2015 19:26:47 GMT',
30 silly get     via: '1.1 varnish',
30 silly get     connection: 'keep-alive',
30 silly get     'x-served-by': 'cache-ams4134-AMS',
30 silly get     'x-cache': 'MISS',
30 silly get     'x-cache-hits': '0',
30 silly get     'x-timer': 'S1450121207.053386,VS0,VE763' } ]
31 verbose stack Error: Registry returned 404 for GET on https://registry.npmjs.org/ide-helper
31 verbose stack     at makeError (/usr/local/lib/node_modules/npm/node_modules/npm-registry-client/lib/request.js:263:12)
31 verbose stack     at CachingRegistryClient.<anonymous> (/usr/local/lib/node_modules/npm/node_modules/npm-registry-client/lib/request.js:241:14)
31 verbose stack     at Request._callback (/usr/local/lib/node_modules/npm/node_modules/npm-registry-client/lib/request.js:171:14)
31 verbose stack     at Request.self.callback (/usr/local/lib/node_modules/npm/node_modules/request/request.js:198:22)
31 verbose stack     at emitTwo (events.js:87:13)
31 verbose stack     at Request.emit (events.js:172:7)
31 verbose stack     at Request.<anonymous> (/usr/local/lib/node_modules/npm/node_modules/request/request.js:1073:14)
31 verbose stack     at emitOne (events.js:82:20)
31 verbose stack     at Request.emit (events.js:169:7)
31 verbose stack     at IncomingMessage.<anonymous> (/usr/local/lib/node_modules/npm/node_modules/request/request.js:1019:12)
32 verbose statusCode 404
33 verbose pkgid ide-helper
34 verbose cwd /home/sylver/Code/Laravels/MenuWithAuthentication
35 error Linux 3.16.0-55-generic
36 error argv "/usr/local/bin/node" "/usr/local/bin/npm" "install" "ide-helper"
37 error node v4.1.1
38 error npm  v2.14.4
39 error code E404
40 error 404 Registry returned 404 for GET on https://registry.npmjs.org/ide-helper
40 error 404
40 error 404 'ide-helper' is not in the npm registry.
40 error 404 You should bug the author to publish it (or use the name yourself!)
40 error 404
40 error 404 Note that you can also install from a
40 error 404 tarball, folder, http url, or git url.
41 verbose exit [ 1, true ]
